<?xml version="1.0" encoding="UTF-8"?>
<testng-results skipped="0" failed="0" total="1" passed="1">
  <reporter-output>
  </reporter-output>
  <suite name="Default suite" duration-ms="31795" started-at="2018-08-15T01:43:52Z" finished-at="2018-08-15T01:44:24Z">
    <groups>
      <group name="cucumber">
        <method signature="AbstractTestNGCucumberTests.feature(cucumber.api.testng.CucumberFeatureWrapper)[pri:0, instance:tests.executeProjects@3a4799]" name="feature" class="cucumber.api.testng.AbstractTestNGCucumberTests"/>
      </group> <!-- cucumber -->
    </groups>
    <test name="Default test" duration-ms="31795" started-at="2018-08-15T01:43:52Z" finished-at="2018-08-15T01:44:24Z">
      <class name="tests.executeProjects">
        <test-method status="PASS" signature="setUpClass()[pri:0, instance:tests.executeProjects@3a4799]" name="setUpClass" is-config="true" duration-ms="1150" started-at="2018-08-14T22:43:52Z" finished-at="2018-08-14T22:43:53Z">
          <reporter-output>
          </reporter-output>
        </test-method> <!-- setUpClass -->
        <test-method status="PASS" signature="feature(cucumber.api.testng.CucumberFeatureWrapper)[pri:0, instance:tests.executeProjects@3a4799]" name="feature" duration-ms="30298" started-at="2018-08-14T22:43:53Z" description="Runs Cucumber Feature" data-provider="features" finished-at="2018-08-14T22:44:24Z">
          <params>
            <param index="0">
              <value>
                <![CDATA[Projects]]>
              </value>
            </param>
          </params>
          <reporter-output>
          </reporter-output>
        </test-method> <!-- feature -->
        <test-method status="PASS" signature="tearDownClass()[pri:0, instance:tests.executeProjects@3a4799]" name="tearDownClass" is-config="true" duration-ms="31" started-at="2018-08-14T22:44:24Z" finished-at="2018-08-14T22:44:24Z">
          <reporter-output>
          </reporter-output>
        </test-method> <!-- tearDownClass -->
      </class> <!-- tests.executeProjects -->
    </test> <!-- Default test -->
  </suite> <!-- Default suite -->
</testng-results>
